<?xml version="1.0" encoding="UTF-8"?>
<testsuite xmlns:xsi="http://www.w3.org/2001/XMLSchema-instance" xsi:noNamespaceSchemaLocation="https://maven.apache.org/surefire/maven-surefire-plugin/xsd/surefire-test-report.xsd" version="3.0.2" name="br.com.joaojuniodev.spc.SpcApplicationTests" time="15.436" tests="1" errors="0" skipped="0" failures="0">
  <properties>
[...]
</properties>
  <testcase name="contextLoads" classname="br.com.joaojuniodev.spc.SpcApplicationTests" time="1.492">
    <system-out><![CDATA[16:15:11.282 [main] INFO org.springframework.test.context.support.AnnotationConfigContextLoaderUtils -- Could not detect default configuration classes for test class [br.com.joaojuniodev.spc.SpcApplicationTests]: SpcApplicationTests does not declare any static, non-private, non-final, nested classes annotated with @Configuration.
16:15:11.442 [main] INFO org.springframework.boot.test.context.SpringBootTestContextBootstrapper -- Found @SpringBootConfiguration br.com.joaojuniodev.spc.Startup for test class br.com.joaojuniodev.spc.SpcApplicationTests

  .   ____          _            __ _ _
 /\\ / ___'_ __ _ _(_)_ __  __ _ \ \ \ \
( ( )\___ | '_ | '_| | '_ \/ _` | \ \ \ \
 \\/  ___)| |_)| | | | | || (_| |  ) ) ) )
  '  |____| .__|_| |_|_| |_\__, | / / / /
 =========|_|==============|___/=/_/_/_/

 :: Spring Boot ::                (v3.4.1)

2026-04-26T16:15:12.233-03:00  INFO 15188 --- [spc] [           main] b.c.j.spc.SpcApplicationTests            : Starting SpcApplicationTests using Java 17.0.10 with PID 15188 (started by joaoj in C:\Projects\ws-intelliJ\spc)
2026-04-26T16:15:12.235-03:00  INFO 15188 --- [spc] [           main] b.c.j.spc.SpcApplicationTests            : The following 1 profile is active: "dev"
2026-04-26T16:15:13.630-03:00  INFO 15188 --- [spc] [           main] .s.d.r.c.RepositoryConfigurationDelegate : Bootstrapping Spring Data JPA repositories in DEFAULT mode.
2026-04-26T16:15:13.848-03:00  INFO 15188 --- [spc] [           main] .s.d.r.c.RepositoryConfigurationDelegate : Finished Spring Data repository scanning in 193 ms. Found 6 JPA repository interfaces.
2026-04-26T16:15:15.246-03:00  INFO 15188 --- [spc] [           main] com.zaxxer.hikari.HikariDataSource       : HikariPool-1 - Starting...
2026-04-26T16:15:17.241-03:00  INFO 15188 --- [spc] [           main] com.zaxxer.hikari.pool.HikariPool        : HikariPool-1 - Added connection com.mysql.cj.jdbc.ConnectionImpl@57a667c8
2026-04-26T16:15:17.254-03:00  INFO 15188 --- [spc] [           main] com.zaxxer.hikari.HikariDataSource       : HikariPool-1 - Start completed.
2026-04-26T16:15:17.583-03:00  INFO 15188 --- [spc] [           main] org.flywaydb.core.FlywayExecutor         : Database: jdbc:mysql://localhost:3306/spc?useTimezone=true&serverTimezone=America/Sao_Paulo (MySQL 8.0)
2026-04-26T16:15:18.171-03:00  INFO 15188 --- [spc] [           main] o.f.core.internal.command.DbValidate     : Successfully validated 19 migrations (execution time 00:00.337s)
2026-04-26T16:15:18.266-03:00  INFO 15188 --- [spc] [           main] o.f.core.internal.command.DbMigrate      : Current version of schema `spc`: 19
2026-04-26T16:15:18.284-03:00  INFO 15188 --- [spc] [           main] o.f.core.internal.command.DbMigrate      : Schema `spc` is up to date. No migration necessary.
2026-04-26T16:15:18.978-03:00  INFO 15188 --- [spc] [           main] o.hibernate.jpa.internal.util.LogHelper  : HHH000204: Processing PersistenceUnitInfo [name: default]
2026-04-26T16:15:19.444-03:00  INFO 15188 --- [spc] [           main] org.hibernate.Version                    : HHH000412: Hibernate ORM core version 6.6.4.Final
2026-04-26T16:15:19.569-03:00  INFO 15188 --- [spc] [           main] o.h.c.internal.RegionFactoryInitiator    : HHH000026: Second-level cache disabled
2026-04-26T16:15:20.193-03:00  INFO 15188 --- [spc] [           main] o.s.o.j.p.SpringPersistenceUnitInfo      : No LoadTimeWeaver setup: ignoring JPA class transformer
2026-04-26T16:15:20.302-03:00  INFO 15188 --- [spc] [           main] org.hibernate.orm.connections.pooling    : HHH10001005: Database info:
	Database JDBC URL [Connecting through datasource 'HikariDataSource (HikariPool-1)']
	Database driver: undefined/unknown
	Database version: 8.0.37
	Autocommit mode: undefined/unknown
	Isolation level: undefined/unknown
	Minimum pool size: undefined/unknown
	Maximum pool size: undefined/unknown
2026-04-26T16:15:21.349-03:00  INFO 15188 --- [spc] [           main] o.h.e.t.j.p.i.JtaPlatformInitiator       : HHH000489: No JTA platform available (set 'hibernate.transaction.jta.platform' to enable JTA platform integration)
2026-04-26T16:15:21.352-03:00  INFO 15188 --- [spc] [           main] j.LocalContainerEntityManagerFactoryBean : Initialized JPA EntityManagerFactory for persistence unit 'default'
2026-04-26T16:15:21.914-03:00  INFO 15188 --- [spc] [           main] o.s.d.j.r.query.QueryEnhancerFactory     : Hibernate is in classpath; If applicable, HQL parser will be used.
2026-04-26T16:15:24.999-03:00  INFO 15188 --- [spc] [           main] b.c.j.spc.SpcApplicationTests            : Started SpcApplicationTests in 13.293 seconds (process running for 15.152)
]]></system-out>
  </testcase>
</testsuite>