<?xml version="1.0" encoding="UTF-8"?>
<testsuite xmlns:xsi="http://www.w3.org/2001/XMLSchema-instance" xsi:noNamespaceSchemaLocation="https://maven.apache.org/surefire/maven-surefire-plugin/xsd/surefire-test-report.xsd" version="3.0.2" name="br.com.joaojuniodev.spc.SpcApplicationTests" time="10.106" tests="1" errors="0" skipped="0" failures="0">
  <properties>
[...]
</properties>
  <testcase name="contextLoads" classname="br.com.joaojuniodev.spc.SpcApplicationTests" time="0.502">
    <system-out><![CDATA[08:00:15.588 [main] INFO org.springframework.test.context.support.AnnotationConfigContextLoaderUtils -- Could not detect default configuration classes for test class [br.com.joaojuniodev.spc.SpcApplicationTests]: SpcApplicationTests does not declare any static, non-private, non-final, nested classes annotated with @Configuration.
08:00:15.709 [main] INFO org.springframework.boot.test.context.SpringBootTestContextBootstrapper -- Found @SpringBootConfiguration br.com.joaojuniodev.spc.Startup for test class br.com.joaojuniodev.spc.SpcApplicationTests

  .   ____          _            __ _ _
 /\\ / ___'_ __ _ _(_)_ __  __ _ \ \ \ \
( ( )\___ | '_ | '_| | '_ \/ _` | \ \ \ \
 \\/  ___)| |_)| | | | | || (_| |  ) ) ) )
  '  |____| .__|_| |_|_| |_\__, | / / / /
 =========|_|==============|___/=/_/_/_/

 :: Spring Boot ::                (v3.4.1)

2026-03-24T08:00:16.219-03:00  INFO 19044 --- [spc] [           main] b.c.j.spc.SpcApplicationTests            : Starting SpcApplicationTests using Java 21.0.3 with PID 19044 (started by joaoj in C:\Projects\ws-intelliJ\spc)
2026-03-24T08:00:16.222-03:00  INFO 19044 --- [spc] [           main] b.c.j.spc.SpcApplicationTests            : The following 1 profile is active: "dev"
2026-03-24T08:00:16.920-03:00  INFO 19044 --- [spc] [           main] .s.d.r.c.RepositoryConfigurationDelegate : Bootstrapping Spring Data JPA repositories in DEFAULT mode.
2026-03-24T08:00:16.996-03:00  INFO 19044 --- [spc] [           main] .s.d.r.c.RepositoryConfigurationDelegate : Finished Spring Data repository scanning in 61 ms. Found 6 JPA repository interfaces.
2026-03-24T08:00:17.640-03:00  INFO 19044 --- [spc] [           main] com.zaxxer.hikari.HikariDataSource       : HikariPool-1 - Starting...
2026-03-24T08:00:18.045-03:00  INFO 19044 --- [spc] [           main] com.zaxxer.hikari.pool.HikariPool        : HikariPool-1 - Added connection com.mysql.cj.jdbc.ConnectionImpl@5c82031b
2026-03-24T08:00:18.049-03:00  INFO 19044 --- [spc] [           main] com.zaxxer.hikari.HikariDataSource       : HikariPool-1 - Start completed.
2026-03-24T08:00:18.108-03:00  INFO 19044 --- [spc] [           main] org.flywaydb.core.FlywayExecutor         : Database: jdbc:mysql://localhost:3306/spc?useTimezone=true&serverTimezone=UTC (MySQL 8.0)
2026-03-24T08:00:18.205-03:00  INFO 19044 --- [spc] [           main] o.f.core.internal.command.DbValidate     : Successfully validated 10 migrations (execution time 00:00.051s)
2026-03-24T08:00:18.228-03:00  INFO 19044 --- [spc] [           main] o.f.core.internal.command.DbMigrate      : Current version of schema `spc`: 10
2026-03-24T08:00:18.237-03:00  INFO 19044 --- [spc] [           main] o.f.core.internal.command.DbMigrate      : Schema `spc` is up to date. No migration necessary.
2026-03-24T08:00:18.389-03:00  INFO 19044 --- [spc] [           main] o.hibernate.jpa.internal.util.LogHelper  : HHH000204: Processing PersistenceUnitInfo [name: default]
2026-03-24T08:00:18.475-03:00  INFO 19044 --- [spc] [           main] org.hibernate.Version                    : HHH000412: Hibernate ORM core version 6.6.4.Final
2026-03-24T08:00:18.556-03:00  INFO 19044 --- [spc] [           main] o.h.c.internal.RegionFactoryInitiator    : HHH000026: Second-level cache disabled
2026-03-24T08:00:18.949-03:00  INFO 19044 --- [spc] [           main] o.s.o.j.p.SpringPersistenceUnitInfo      : No LoadTimeWeaver setup: ignoring JPA class transformer
2026-03-24T08:00:19.052-03:00  INFO 19044 --- [spc] [           main] org.hibernate.orm.connections.pooling    : HHH10001005: Database info:
	Database JDBC URL [Connecting through datasource 'HikariDataSource (HikariPool-1)']
	Database driver: undefined/unknown
	Database version: 8.0.37
	Autocommit mode: undefined/unknown
	Isolation level: undefined/unknown
	Minimum pool size: undefined/unknown
	Maximum pool size: undefined/unknown
2026-03-24T08:00:20.026-03:00  INFO 19044 --- [spc] [           main] o.h.e.t.j.p.i.JtaPlatformInitiator       : HHH000489: No JTA platform available (set 'hibernate.transaction.jta.platform' to enable JTA platform integration)
2026-03-24T08:00:20.028-03:00  INFO 19044 --- [spc] [           main] j.LocalContainerEntityManagerFactoryBean : Initialized JPA EntityManagerFactory for persistence unit 'default'
2026-03-24T08:00:21.373-03:00  INFO 19044 --- [spc] [           main] o.s.d.j.r.query.QueryEnhancerFactory     : Hibernate is in classpath; If applicable, HQL parser will be used.
2026-03-24T08:00:25.018-03:00  INFO 19044 --- [spc] [           main] b.c.j.spc.SpcApplicationTests            : Started SpcApplicationTests in 9.15 seconds (process running for 10.112)
]]></system-out>
    <system-err><![CDATA[Mockito is currently self-attaching to enable the inline-mock-maker. This will no longer work in future releases of the JDK. Please add Mockito as an agent to your build what is described in Mockito's documentation: https://javadoc.io/doc/org.mockito/mockito-core/latest/org/mockito/Mockito.html#0.3
WARNING: A Java agent has been loaded dynamically (C:\Users\joaoj\.m2\repository\net\bytebuddy\byte-buddy-agent\1.15.11\byte-buddy-agent-1.15.11.jar)
WARNING: If a serviceability tool is in use, please run with -XX:+EnableDynamicAgentLoading to hide this warning
WARNING: If a serviceability tool is not in use, please run with -Djdk.instrument.traceUsage for more information
WARNING: Dynamic loading of agents will be disallowed by default in a future release
]]></system-err>
  </testcase>
</testsuite>